<?xml version="1.0" encoding="UTF-8"?>
<!-- Generated by org.testng.reporters.JUnitReportReporter -->
<testsuite hostname="Ram-PC" failures="0" tests="2" name="cse_testscripts.MyVochureFunctionality" time="51.000" errors="0" timestamp="2023-03-29T18:31:28 IST" skipped="0">
  <testcase classname="cse_testscripts.MyVochureFunctionality" name="checkMyvocurefunctionality" time="18.902"/>
  <testcase classname="cse_testscripts.MyVochureFunctionality" name="checkMyvocurefunctionality" time="32.098"/>
</testsuite> <!-- cse_testscripts.MyVochureFunctionality -->
