<?xml version="1.0" encoding="UTF-8"?>
<!-- Generated by org.testng.reporters.JUnitReportReporter -->
<testsuite hostname="Ram-PC" failures="0" tests="1" name="page_object_repository.DatabaseUtility" time="0.974" errors="0" timestamp="2023-03-27T13:31:37 IST" skipped="0">
  <testcase classname="page_object_repository.DatabaseUtility" name="DatabaseUtility" time="0.974"/>
</testsuite> <!-- page_object_repository.DatabaseUtility -->
