<?xml version="1.0" encoding="UTF-8"?>
<!-- Generated by org.testng.reporters.JUnitReportReporter -->
<testsuite hostname="Ram-PC" failures="0" tests="1" name="cse_testscripts.DirectoryModuleFunctionality" time="27.934" errors="0" timestamp="2023-03-26T13:27:18 IST" skipped="0">
  <testcase classname="cse_testscripts.DirectoryModuleFunctionality" name="checkDirectryFunctionality" time="27.934"/>
</testsuite> <!-- cse_testscripts.DirectoryModuleFunctionality -->
