<?xml version="1.0" encoding="UTF-8"?>
<!-- Generated by org.testng.reporters.JUnitReportReporter -->
<testsuite hostname="Ram-PC" failures="0" tests="1" name="configurations.DatabaseConfig" time="1.146" errors="0" timestamp="2023-03-27T11:38:42 IST" skipped="0">
  <testcase classname="configurations.DatabaseConfig" name="importDataFromDatabase" time="1.146"/>
</testsuite> <!-- configurations.DatabaseConfig -->
