<?xml version="1.0" encoding="UTF-8"?>
<!-- Generated by org.testng.reporters.JUnitReportReporter -->
<testsuite hostname="Ram-PC" failures="0" tests="1" name="testscripts.TestClass" time="14.968" errors="0" timestamp="2023-03-25T11:10:26 IST" skipped="0">
  <testcase classname="testscripts.TestClass" name="testMethod1" time="14.968"/>
</testsuite> <!-- testscripts.TestClass -->
